<?xml version="1.0" encoding="utf-8"?><testsuites name="pytest tests"><testsuite name="pytest" errors="0" failures="1" skipped="0" tests="33" time="3.796" timestamp="2026-08-12T10:49:51.963875+02:00" hostname="MacBook-Pro-von-Nicolas-2.local"><testcase classname="src.sterilisator_20a.tests.test_sterilisator" name="test_sterilization_temperature_accuracy" file="src/sterilisator_20a/tests/test_sterilisator.py" line="23" time="0.000"><properties><property name="certhub_test" value="VERIF_001" /><property name="verifies" value="VERIF_001" /></properties></testcase><testcase classname="src.sterilisator_20a.tests.test_sterilisator" name="test_sterilization_cycle_time" file="src/sterilisator_20a/tests/test_sterilisator.py" line="46" time="0.000"><properties><property name="certhub_test" value="VERIF_002" /><property name="verifies" value="VERIF_002" /></properties><failure message="assert False is True&#10; +  where False = cycle_within_time_budget(0.0)">@pytest.mark.certhub_test("VERIF_002")
    def test_sterilization_cycle_time() -&gt; None:
&gt;       assert cycle_within_time_budget(0.0) is True
E       assert False is True
E        +  where False = cycle_within_time_budget(0.0)

src/sterilisator_20a/tests/test_sterilisator.py:49: AssertionError</failure></testcase><testcase classname="src.sterilisator_20a.tests.test_sterilisator" name="test_user_interface_labeling" file="src/sterilisator_20a/tests/test_sterilisator.py" line="64" time="0.000"><properties><property name="certhub_test" value="VERIF_003" /><property name="verifies" value="VERIF_003" /></properties></testcase><testcase classname="src.sterilisator_20a.tests.test_sterilisator" name="test_device_footprint" file="src/sterilisator_20a/tests/test_sterilisator.py" line="80" time="0.000"><properties><property name="certhub_test" value="VERIF_004" /><property name="verifies" value="VERIF_004" /></properties></testcase><testcase classname="tests.test_certhub_keys" name="test_certhub_key_map_from_release_record_schema" file="tests/test_certhub_keys.py" line="45" time="0.000" /><testcase classname="tests.test_certhub_keys" name="test_certhub_key_map_fails_loud_on_missing_key" file="tests/test_certhub_keys.py" line="55" time="0.000" /><testcase classname="tests.test_certhub_keys" name="test_normalize_release_baseline" file="tests/test_certhub_keys.py" line="63" time="0.000" /><testcase classname="tests.test_certhub_keys" name="test_build_record_create_uses_ku_revision_not_history" file="tests/test_certhub_keys.py" line="74" time="0.000" /><testcase classname="tests.test_certhub_keys" name="test_semanticize_removes_opaque_keys_from_model" file="tests/test_certhub_keys.py" line="138" time="0.000" /><testcase classname="tests.test_evidence_pack" name="test_package_evidence_includes_sphinx_docs" file="tests/test_evidence_pack.py" line="23" time="0.007" /><testcase classname="tests.test_evidence_pack" name="test_package_evidence_requires_sphinx_html" file="tests/test_evidence_pack.py" line="66" time="0.001" /><testcase classname="tests.test_mapper" name="test_parse_requirements_fixture_into_pydantic" file="tests/test_mapper.py" line="54" time="0.001" /><testcase classname="tests.test_mapper" name="test_relation_for_topic_pairs" file="tests/test_mapper.py" line="65" time="0.000" /><testcase classname="tests.test_mapper" name="test_usecase_neighbors_undirected_and_filters" file="tests/test_mapper.py" line="74" time="0.000" /><testcase classname="tests.test_mapper" name="test_apply_usecase_links_sets_verifies_and_logs" file="tests/test_mapper.py" line="108" time="0.000" /><testcase classname="tests.test_mapper" name="test_map_with_tracer_neighbors" file="tests/test_mapper.py" line="136" time="0.002" /><testcase classname="tests.test_mapper" name="test_map_without_neighbors_has_empty_links" file="tests/test_mapper.py" line="161" time="0.001" /><testcase classname="tests.test_mapper" name="test_empty_system_requirements_raises" file="tests/test_mapper.py" line="179" time="0.001" /><testcase classname="tests.test_mapper" name="test_missing_product_version_raises" file="tests/test_mapper.py" line="195" time="0.001" /><testcase classname="tests.test_mapper" name="test_sync_emits_external_id_and_form_fields" file="tests/test_mapper.py" line="211" time="0.003" /><testcase classname="tests.test_push_evidence_details" name="test_format_release_details_text_is_lean_plain_text" file="tests/test_push_evidence_details.py" line="8" time="0.000" /><testcase classname="tests.test_tag_release" name="test_release_rejects_bad_version" file="tests/test_tag_release.py" line="51" time="0.198" /><testcase classname="tests.test_tag_release" name="test_rc_rejects_zero_rc" file="tests/test_tag_release.py" line="55" time="0.196" /><testcase classname="tests.test_tag_release" name="test_tag_release_creates_and_pushes" file="tests/test_tag_release.py" line="59" time="0.457" /><testcase classname="tests.test_tag_release" name="test_tag_rc_creates_rc_tag" file="tests/test_tag_release.py" line="65" time="0.435" /><testcase classname="tests.test_tag_release" name="test_allows_head_with_other_v_tag" file="tests/test_tag_release.py" line="70" time="0.656" /><testcase classname="tests.test_tag_release" name="test_rejects_existing_local_tag" file="tests/test_tag_release.py" line="77" time="0.295" /><testcase classname="tests.test_tag_release" name="test_rejects_existing_remote_tag" file="tests/test_tag_release.py" line="82" time="0.430" /><testcase classname="tests.test_tag_release" name="test_rejects_dirty_tree" file="tests/test_tag_release.py" line="96" time="0.230" /><testcase classname="tests.test_tag_release" name="test_allow_dirty_overrides_clean_check" file="tests/test_tag_release.py" line="101" time="0.419" /><testcase classname="tests.test_tenant_settings" name="test_tenant_settings_load_committed_toml" file="tests/test_tenant_settings.py" line="12" time="0.001" /><testcase classname="tests.test_tenant_settings" name="test_dashboard_kt_urls_from_tenant" file="tests/test_tenant_settings.py" line="30" time="0.000" /><testcase classname="tests.test_tenant_settings" name="test_tenant_settings_rejects_missing_key" file="tests/test_tenant_settings.py" line="42" time="0.001" /></testsuite></testsuites>